02-22-2024 09:25:02 : INFO : logger : 
Total chunks: 329
02-22-2024 09:25:08 : INFO : logger : 
Total chunks: 330
02-22-2024 09:42:18 : INFO : logger : 
Total chunks: 329
02-22-2024 09:42:18 : INFO : logger : 
Total chunks: 329
02-22-2024 09:42:24 : INFO : logger : 
Total chunks: 330
02-22-2024 09:42:24 : INFO : logger : 
Total chunks: 330
02-22-2024 09:51:37 : INFO : logger : 
Total chunks: 329
02-22-2024 09:51:43 : INFO : logger : 
Total chunks: 330
02-22-2024 09:57:45 : INFO : logger : 
Total chunks: 329
02-22-2024 09:57:51 : INFO : logger : 
Total chunks: 330
02-22-2024 09:58:42 : INFO : logger : 
Total chunks: 329
02-22-2024 09:58:47 : INFO : logger : 
Total chunks: 330
02-22-2024 10:03:55 : INFO : logger : 
Total chunks: 329
02-22-2024 10:04:01 : INFO : logger : 
Total chunks: 330
02-22-2024 10:05:49 : INFO : logger : 
Total chunks: 329
02-22-2024 10:05:55 : INFO : logger : 
Total chunks: 330
02-22-2024 10:08:31 : INFO : logger : 
Total chunks: 329
02-22-2024 10:08:38 : INFO : logger : 
Total chunks: 330
02-22-2024 14:39:30 : INFO : logger : 
Total chunks: 329
02-22-2024 14:39:35 : INFO : logger : 
Total chunks: 330
02-22-2024 16:15:31 : INFO : logger : 
Total chunks: 732
02-22-2024 16:15:37 : INFO : logger : 
Total chunks: 732
02-23-2024 08:58:49 : INFO : logger : PDF data loaded successfully.
02-23-2024 08:58:49 : INFO : logger : Text preprocessing completed.
02-23-2024 08:58:49 : INFO : logger : Text split using character splitter. Total chunks: 329
02-23-2024 08:58:55 : INFO : logger : Text split using token splitter. Total chunks: 330
02-23-2024 09:00:32 : INFO : logger : PDF data loaded successfully.
02-23-2024 09:00:32 : INFO : logger : Text preprocessing completed.
02-23-2024 09:00:32 : INFO : logger : Text split using character splitter. Total chunks: 732
02-23-2024 09:00:37 : INFO : logger : Text split using token splitter. Total chunks: 732
02-23-2024 09:02:33 : INFO : logger : PDF data loaded successfully.
02-23-2024 09:02:33 : INFO : logger : Text preprocessing completed.
02-23-2024 09:02:33 : INFO : logger : Text split using character splitter. Total chunks: 732
02-23-2024 09:02:38 : INFO : logger : Text split using token splitter. Total chunks: 732
02-23-2024 09:14:36 : INFO : logger : PDF data loaded successfully.
02-23-2024 09:14:36 : INFO : logger : Text preprocessing completed.
02-23-2024 09:14:36 : INFO : logger : Text split using character splitter. Total chunks: 1064
02-23-2024 09:14:42 : INFO : logger : Text split using token splitter. Total chunks: 1064
02-23-2024 09:24:52 : INFO : logger : PDF data loaded successfully.
02-23-2024 09:24:52 : INFO : logger : Text preprocessing completed.
02-23-2024 09:24:52 : INFO : logger : Text split using character splitter. Total chunks: 1064
02-23-2024 09:24:58 : INFO : logger : Text split using token splitter. Total chunks: 1064
02-23-2024 09:27:04 : INFO : logger : PDF data loaded successfully.
02-23-2024 09:27:04 : INFO : logger : Text preprocessing completed.
02-23-2024 09:27:04 : INFO : logger : Text split using character splitter. Total chunks: 1064
02-23-2024 09:27:09 : INFO : logger : Text split using token splitter. Total chunks: 1064
02-23-2024 09:28:54 : INFO : logger : PDF data loaded successfully.
02-23-2024 09:28:54 : INFO : logger : Text preprocessing completed.
02-23-2024 09:28:54 : INFO : logger : Text split using character splitter. Total chunks: 1064
02-23-2024 09:28:59 : INFO : logger : Text split using token splitter. Total chunks: 1064
02-23-2024 09:30:46 : INFO : logger : PDF data loaded successfully.
02-23-2024 09:30:46 : INFO : logger : Text preprocessing completed.
02-23-2024 09:30:46 : INFO : logger : Text split using character splitter. Total chunks: 1064
02-23-2024 09:30:52 : INFO : logger : Text split using token splitter. Total chunks: 1064
02-23-2024 12:22:53 : INFO : logger : PDF data loaded successfully.
02-23-2024 12:22:53 : INFO : logger : Text preprocessing completed.
02-23-2024 12:22:53 : INFO : logger : Text split using character splitter. Total chunks: 1064
02-23-2024 12:22:59 : INFO : logger : Text split using token splitter. Total chunks: 1064
02-23-2024 12:24:28 : INFO : logger : PDF data loaded successfully.
02-23-2024 12:24:28 : INFO : logger : Text preprocessing completed.
02-23-2024 12:24:29 : INFO : logger : Text split using character splitter. Total chunks: 1064
02-23-2024 12:24:33 : INFO : logger : Text split using token splitter. Total chunks: 1064
02-23-2024 12:25:42 : INFO : logger : PDF data loaded successfully.
02-23-2024 12:25:42 : INFO : logger : Text preprocessing completed.
02-23-2024 12:25:42 : INFO : logger : Text split using character splitter. Total chunks: 1064
02-23-2024 12:25:48 : INFO : logger : Text split using token splitter. Total chunks: 1064
02-23-2024 12:29:23 : INFO : logger : PDF data loaded successfully.
02-23-2024 12:29:23 : INFO : logger : Text preprocessing completed.
02-23-2024 12:29:23 : INFO : logger : Text split using character splitter. Total chunks: 1064
02-23-2024 12:29:29 : INFO : logger : Text split using token splitter. Total chunks: 1064
02-23-2024 12:31:00 : INFO : logger : PDF data loaded successfully.
02-23-2024 12:31:00 : INFO : logger : Text preprocessing completed.
02-23-2024 12:31:00 : INFO : logger : Text split using character splitter. Total chunks: 1064
02-23-2024 12:31:07 : INFO : logger : Text split using token splitter. Total chunks: 1064
02-23-2024 12:35:09 : INFO : logger : PDF data loaded successfully.
02-23-2024 12:35:09 : INFO : logger : Text preprocessing completed.
02-23-2024 12:35:09 : INFO : logger : Text split using character splitter. Total chunks: 1064
02-23-2024 12:35:14 : INFO : logger : Text split using token splitter. Total chunks: 1064
02-23-2024 12:36:23 : INFO : logger : PDF data loaded successfully.
02-23-2024 12:36:23 : INFO : logger : Text preprocessing completed.
02-23-2024 12:36:23 : INFO : logger : Text split using character splitter. Total chunks: 1064
02-23-2024 12:36:28 : INFO : logger : Text split using token splitter. Total chunks: 1064
02-23-2024 12:38:35 : INFO : logger : PDF data loaded successfully.
02-23-2024 12:38:35 : INFO : logger : Text preprocessing completed.
02-23-2024 12:38:35 : INFO : logger : Text split using character splitter. Total chunks: 1064
02-23-2024 12:38:41 : INFO : logger : Text split using token splitter. Total chunks: 1064
02-23-2024 12:39:56 : INFO : logger : PDF data loaded successfully.
02-23-2024 12:39:56 : INFO : logger : Text preprocessing completed.
02-23-2024 12:39:56 : INFO : logger : Text split using character splitter. Total chunks: 1064
02-23-2024 12:40:01 : INFO : logger : Text split using token splitter. Total chunks: 1064
02-23-2024 12:42:02 : INFO : logger : PDF data loaded successfully.
02-23-2024 12:42:02 : INFO : logger : Text preprocessing completed.
02-23-2024 12:42:02 : INFO : logger : Text split using character splitter. Total chunks: 1064
02-23-2024 12:42:07 : INFO : logger : Text split using token splitter. Total chunks: 1064
02-23-2024 12:44:52 : INFO : logger : PDF data loaded successfully.
02-23-2024 12:44:52 : INFO : logger : Text preprocessing completed.
02-23-2024 12:44:52 : INFO : logger : Text split using character splitter. Total chunks: 1064
02-23-2024 12:44:57 : INFO : logger : Text split using token splitter. Total chunks: 1064
02-23-2024 12:46:12 : INFO : logger : PDF data loaded successfully.
02-23-2024 12:46:12 : INFO : logger : Text preprocessing completed.
02-23-2024 12:46:12 : INFO : logger : Text split using character splitter. Total chunks: 1064
02-23-2024 12:46:17 : INFO : logger : Text split using token splitter. Total chunks: 1064
02-23-2024 12:48:14 : INFO : logger : PDF data loaded successfully.
02-23-2024 12:48:14 : INFO : logger : Text preprocessing completed.
02-23-2024 12:48:14 : INFO : logger : Text split using character splitter. Total chunks: 1064
02-23-2024 12:48:19 : INFO : logger : Text split using token splitter. Total chunks: 1064
02-23-2024 12:50:03 : INFO : logger : PDF data loaded successfully.
02-23-2024 12:50:03 : INFO : logger : Text preprocessing completed.
02-23-2024 12:50:03 : INFO : logger : Text split using character splitter. Total chunks: 1064
02-23-2024 12:50:10 : INFO : logger : Text split using token splitter. Total chunks: 1064
02-23-2024 12:51:18 : INFO : logger : PDF data loaded successfully.
02-23-2024 12:51:18 : INFO : logger : Text preprocessing completed.
02-23-2024 12:51:18 : INFO : logger : Text split using character splitter. Total chunks: 1064
02-23-2024 12:51:24 : INFO : logger : Text split using token splitter. Total chunks: 1064
02-23-2024 12:52:11 : INFO : logger : PDF data loaded successfully.
02-23-2024 12:52:11 : INFO : logger : Text preprocessing completed.
02-23-2024 12:52:11 : INFO : logger : Text split using character splitter. Total chunks: 1064
02-23-2024 12:52:16 : INFO : logger : Text split using token splitter. Total chunks: 1064
02-23-2024 12:54:27 : INFO : logger : PDF data loaded successfully.
02-23-2024 12:54:27 : INFO : logger : Text preprocessing completed.
02-23-2024 12:54:27 : INFO : logger : Text split using character splitter. Total chunks: 1064
02-23-2024 12:54:32 : INFO : logger : Text split using token splitter. Total chunks: 1064
02-23-2024 12:55:40 : INFO : logger : PDF data loaded successfully.
02-23-2024 12:55:40 : INFO : logger : Text preprocessing completed.
02-23-2024 12:55:40 : INFO : logger : Text split using character splitter. Total chunks: 1064
02-23-2024 12:55:46 : INFO : logger : Text split using token splitter. Total chunks: 1064
02-23-2024 13:15:48 : INFO : logger : PDF data loaded successfully.
02-23-2024 13:15:48 : INFO : logger : Text preprocessing completed.
02-23-2024 13:15:48 : INFO : logger : Text split using character splitter. Total chunks: 1064
02-23-2024 13:15:53 : INFO : logger : Text split using token splitter. Total chunks: 1064
02-23-2024 13:16:59 : INFO : logger : PDF data loaded successfully.
02-23-2024 13:16:59 : INFO : logger : Text preprocessing completed.
02-23-2024 13:16:59 : INFO : logger : Text split using character splitter. Total chunks: 1064
02-23-2024 13:17:04 : INFO : logger : Text split using token splitter. Total chunks: 1064
02-23-2024 13:18:40 : INFO : logger : PDF data loaded successfully.
02-23-2024 13:18:40 : INFO : logger : Text preprocessing completed.
02-23-2024 13:18:40 : INFO : logger : Text split using character splitter. Total chunks: 1064
02-23-2024 13:18:46 : INFO : logger : Text split using token splitter. Total chunks: 1064
02-23-2024 13:19:14 : INFO : logger : PDF data loaded successfully.
02-23-2024 13:19:14 : INFO : logger : Text preprocessing completed.
02-23-2024 13:19:14 : INFO : logger : Text split using character splitter. Total chunks: 1064
02-23-2024 13:19:20 : INFO : logger : Text split using token splitter. Total chunks: 1064
02-23-2024 13:22:35 : INFO : logger : PDF data loaded successfully.
02-23-2024 13:22:35 : INFO : logger : Text preprocessing completed.
02-23-2024 13:22:35 : INFO : logger : Text split using character splitter. Total chunks: 1064
02-23-2024 13:22:41 : INFO : logger : Text split using token splitter. Total chunks: 1064
02-23-2024 13:24:04 : INFO : logger : PDF data loaded successfully.
02-23-2024 13:24:04 : INFO : logger : Text preprocessing completed.
02-23-2024 13:24:04 : INFO : logger : Text split using character splitter. Total chunks: 1064
02-23-2024 13:24:10 : INFO : logger : Text split using token splitter. Total chunks: 1064
02-23-2024 13:27:05 : INFO : logger : PDF data loaded successfully.
02-23-2024 13:27:05 : INFO : logger : Text preprocessing completed.
02-23-2024 13:27:05 : INFO : logger : Text split using character splitter. Total chunks: 1064
02-23-2024 13:27:10 : INFO : logger : Text split using token splitter. Total chunks: 1064
02-23-2024 13:32:00 : INFO : logger : PDF data loaded successfully.
02-23-2024 13:32:00 : INFO : logger : Text preprocessing completed.
02-23-2024 13:32:00 : INFO : logger : Text split using character splitter. Total chunks: 1064
02-23-2024 13:32:06 : INFO : logger : Text split using token splitter. Total chunks: 1064
02-23-2024 13:50:51 : INFO : logger : PDF data loaded successfully.
02-23-2024 13:50:51 : INFO : logger : Text preprocessing completed.
02-23-2024 13:50:51 : INFO : logger : Text split using character splitter. Total chunks: 1064
02-23-2024 13:50:57 : INFO : logger : Text split using token splitter. Total chunks: 1064
02-23-2024 13:52:01 : INFO : logger : PDF data loaded successfully.
02-23-2024 13:52:01 : INFO : logger : Text preprocessing completed.
02-23-2024 13:52:01 : INFO : logger : Text split using character splitter. Total chunks: 1064
02-23-2024 13:52:07 : INFO : logger : Text split using token splitter. Total chunks: 1064
02-23-2024 13:53:23 : INFO : logger : PDF data loaded successfully.
02-23-2024 13:53:23 : INFO : logger : Text preprocessing completed.
02-23-2024 13:53:23 : INFO : logger : Text split using character splitter. Total chunks: 1064
02-23-2024 13:53:28 : INFO : logger : Text split using token splitter. Total chunks: 1064
02-23-2024 15:57:35 : INFO : logger : PDF data loaded successfully.
02-23-2024 15:57:35 : INFO : logger : Text preprocessing completed.
02-23-2024 15:57:35 : INFO : logger : Text split using character splitter. Total chunks: 1064
02-23-2024 15:57:41 : INFO : logger : Text split using token splitter. Total chunks: 1064
02-23-2024 16:13:35 : INFO : logger : PDF data loaded successfully.
02-23-2024 16:13:35 : INFO : logger : Text preprocessing completed.
02-23-2024 16:13:35 : INFO : logger : Text split using character splitter. Total chunks: 1064
02-23-2024 16:13:42 : INFO : logger : Text split using token splitter. Total chunks: 1064
02-24-2024 05:56:34 : INFO : logger : PDF data loaded successfully.
02-24-2024 05:56:34 : INFO : logger : Text preprocessing completed.
02-24-2024 05:56:34 : INFO : logger : Text split using character splitter. Total chunks: 1064
02-24-2024 05:56:39 : INFO : logger : Text split using token splitter. Total chunks: 1064
02-24-2024 06:04:21 : INFO : logger : PDF data loaded successfully.
02-24-2024 06:04:21 : INFO : logger : Text preprocessing completed.
02-24-2024 06:04:21 : INFO : logger : Text split using character splitter. Total chunks: 1064
02-24-2024 06:04:27 : INFO : logger : Text split using token splitter. Total chunks: 1064
02-24-2024 06:09:50 : INFO : logger : PDF data loaded successfully.
02-24-2024 06:09:50 : INFO : logger : Text preprocessing completed.
02-24-2024 06:09:50 : INFO : logger : Text split using character splitter. Total chunks: 1064
02-24-2024 06:09:55 : INFO : logger : Text split using token splitter. Total chunks: 1064
02-24-2024 06:12:04 : INFO : logger : PDF data loaded successfully.
02-24-2024 06:12:04 : INFO : logger : Text preprocessing completed.
02-24-2024 06:12:04 : INFO : logger : Text split using character splitter. Total chunks: 1064
02-24-2024 06:12:09 : INFO : logger : Text split using token splitter. Total chunks: 1064
02-24-2024 06:16:08 : INFO : logger : PDF data loaded successfully.
02-24-2024 06:16:08 : INFO : logger : Text preprocessing completed.
02-24-2024 06:16:08 : INFO : logger : Text split using character splitter. Total chunks: 1064
02-24-2024 06:16:14 : INFO : logger : Text split using token splitter. Total chunks: 1064
02-24-2024 06:41:00 : INFO : logger : PDF data loaded successfully.
02-24-2024 06:41:00 : INFO : logger : Text preprocessing completed.
02-24-2024 06:41:00 : INFO : logger : Text split using character splitter. Total chunks: 1064
02-24-2024 06:41:15 : INFO : logger : Text split using token splitter. Total chunks: 1064
02-24-2024 06:50:26 : INFO : logger : PDF data loaded successfully.
02-24-2024 06:50:26 : INFO : logger : Text preprocessing completed.
02-24-2024 06:50:26 : INFO : logger : Text split using character splitter. Total chunks: 1064
02-24-2024 06:50:31 : INFO : logger : Text split using token splitter. Total chunks: 1064
02-24-2024 06:52:02 : INFO : logger : PDF data loaded successfully.
02-24-2024 06:52:02 : INFO : logger : Text preprocessing completed.
02-24-2024 06:52:02 : INFO : logger : Text split using character splitter. Total chunks: 1064
02-24-2024 06:52:08 : INFO : logger : Text split using token splitter. Total chunks: 1064
02-24-2024 06:54:29 : INFO : logger : PDF data loaded successfully.
02-24-2024 06:54:29 : INFO : logger : Text preprocessing completed.
02-24-2024 06:54:29 : INFO : logger : Text split using character splitter. Total chunks: 1064
02-24-2024 06:54:35 : INFO : logger : Text split using token splitter. Total chunks: 1064
02-24-2024 08:04:31 : INFO : logger : PDF data loaded successfully.
02-24-2024 08:04:31 : INFO : logger : PDF data loaded successfully.
02-24-2024 08:04:31 : INFO : logger : Text preprocessing completed.
02-24-2024 08:04:31 : INFO : logger : Text preprocessing completed.
02-24-2024 08:04:31 : INFO : logger : Text split using character splitter. Total chunks: 1064
02-24-2024 08:04:31 : INFO : logger : Text split using character splitter. Total chunks: 1064
02-24-2024 08:04:47 : INFO : logger : Text split using token splitter. Total chunks: 1064
02-24-2024 08:04:47 : INFO : logger : Text split using token splitter. Total chunks: 1064
02-24-2024 08:07:41 : INFO : logger : PDF data loaded successfully.
02-24-2024 08:07:41 : INFO : logger : Text preprocessing completed.
02-24-2024 08:07:41 : INFO : logger : Text split using character splitter. Total chunks: 1064
02-24-2024 08:07:46 : INFO : logger : Text split using token splitter. Total chunks: 1064
02-24-2024 08:12:35 : INFO : logger : PDF data loaded successfully.
02-24-2024 08:12:35 : INFO : logger : Text preprocessing completed.
02-24-2024 08:12:35 : INFO : logger : Text split using character splitter. Total chunks: 1064
02-24-2024 08:12:40 : INFO : logger : Text split using token splitter. Total chunks: 1064
02-24-2024 08:46:42 : INFO : logger : PDF data loaded successfully.
02-24-2024 08:46:42 : INFO : logger : Text preprocessing completed.
02-24-2024 08:46:42 : INFO : logger : Text split using character splitter. Total chunks: 1064
02-24-2024 08:46:47 : INFO : logger : Text split using token splitter. Total chunks: 1064
02-24-2024 08:49:18 : INFO : logger : PDF data loaded successfully.
02-24-2024 08:49:18 : INFO : logger : Text preprocessing completed.
02-24-2024 08:49:18 : INFO : logger : Text split using character splitter. Total chunks: 1064
02-24-2024 08:49:24 : INFO : logger : Text split using token splitter. Total chunks: 1064
02-24-2024 11:34:23 : INFO : logger : PDF data loaded successfully.
02-24-2024 11:34:23 : INFO : logger : Text preprocessing completed.
02-24-2024 11:34:23 : INFO : logger : Text split using character splitter. Total chunks: 1064
02-24-2024 11:34:29 : INFO : logger : Text split using token splitter. Total chunks: 1064
02-24-2024 13:13:20 : INFO : logger : PDF data loaded successfully.
02-24-2024 13:13:20 : INFO : logger : Text preprocessing completed.
02-24-2024 13:13:20 : INFO : logger : Text split using character splitter. Total chunks: 1064
02-24-2024 13:13:27 : INFO : logger : Text split using token splitter. Total chunks: 1064
02-24-2024 13:17:31 : INFO : logger : PDF data loaded successfully.
02-24-2024 13:17:31 : INFO : logger : Text preprocessing completed.
02-24-2024 13:17:31 : INFO : logger : Text split using character splitter. Total chunks: 1064
02-24-2024 13:17:38 : INFO : logger : Text split using token splitter. Total chunks: 1064
02-24-2024 17:04:17 : INFO : logger : PDF data loaded successfully.
02-24-2024 17:04:17 : INFO : logger : PDF data loaded successfully.
02-24-2024 17:04:17 : INFO : logger : Text preprocessing completed.
02-24-2024 17:04:17 : INFO : logger : Text preprocessing completed.
02-24-2024 17:04:17 : INFO : logger : Text split using character splitter. Total chunks: 1064
02-24-2024 17:04:17 : INFO : logger : Text split using character splitter. Total chunks: 1064
02-24-2024 17:04:26 : INFO : logger : Text split using token splitter. Total chunks: 1064
02-24-2024 17:04:26 : INFO : logger : Text split using token splitter. Total chunks: 1064
